0 info it worked if it ends with ok
1 verbose cli [ 'node', '/usr/local/bin/npm', 'update', '-g', 'bower' ]
2 info using npm@2.1.14
3 info using node@v0.10.34
4 verbose node symlink /usr/local/bin/node
5 silly mapToRegistry name bower
6 silly mapToRegistry using default registry
7 silly mapToRegistry registry https://registry.npmjs.org/
8 silly mapToRegistry uri https://registry.npmjs.org/bower
9 verbose request uri https://registry.npmjs.org/bower
10 verbose request no auth needed
11 info attempt registry request try #1 at 08:09:05
12 verbose request id 639dc731c7042914
13 verbose etag "6OAFNDTO60JUDVGAYVJTWW4WF"
14 http request GET https://registry.npmjs.org/bower
15 http 200 https://registry.npmjs.org/bower
16 silly get cb [ 200,
16 silly get   { date: 'Sun, 12 Apr 2015 14:08:49 GMT',
16 silly get     server: 'CouchDB/1.5.0 (Erlang OTP/R16B03)',
16 silly get     etag: '"B75PZIF9UZTD158RMY4I6WR91"',
16 silly get     'content-type': 'application/json',
16 silly get     'cache-control': 'max-age=60',
16 silly get     'content-length': '111574',
16 silly get     'accept-ranges': 'bytes',
16 silly get     via: '1.1 varnish',
16 silly get     age: '0',
16 silly get     'x-served-by': 'cache-jfk1026-JFK',
16 silly get     'x-cache': 'HIT',
16 silly get     'x-cache-hits': '1',
16 silly get     'x-timer': 'S1428847729.535894,VS0,VE19',
16 silly get     vary: 'Accept',
16 silly get     'keep-alive': 'timeout=10, max=50',
16 silly get     connection: 'Keep-Alive' } ]
17 verbose type called_on_non_object
18 verbose stack TypeError: Object.keys called on non-object
18 verbose stack     at Function.keys (native)
18 verbose stack     at unmarkExtraneous (/usr/local/lib/node_modules/npm/node_modules/read-installed/read-installed.js:362:10)
18 verbose stack     at /usr/local/lib/node_modules/npm/node_modules/read-installed/read-installed.js:137:5
18 verbose stack     at next (/usr/local/lib/node_modules/npm/node_modules/read-installed/read-installed.js:185:14)
18 verbose stack     at /usr/local/lib/node_modules/npm/node_modules/read-installed/read-installed.js:169:14
18 verbose stack     at Object.oncomplete (evalmachine.<anonymous>:108:15)
19 verbose cwd /Users/sebas/Documents/Development/space-apps-challenge/Stellar-Web
20 error Darwin 14.1.0
21 error argv "node" "/usr/local/bin/npm" "update" "-g" "bower"
22 error node v0.10.34
23 error npm  v2.1.14
24 error Object.keys called on non-object
25 error If you need help, you may report this error at:
25 error     <http://github.com/npm/npm/issues>
26 verbose exit [ 1, true ]
